[2025-06-21 15:32:48] [INFO] [0;35mStarting DataLive RAG System setup...[0m
[2025-06-21 15:32:48] [INFO] Configuration file: /Users/angelrivera/Desktop/GIT/DatAlive/.env
[2025-06-21 15:32:48] [INFO] Creating required directories...
[2025-06-21 15:32:48] [INFO] [0;32m✓ Directories created[0m
[2025-06-21 15:32:48] [INFO] Validating environment configuration...
[2025-06-21 15:32:48] [WARN] [1;33mUsing default N8N password - please change it![0m
[2025-06-21 15:32:48] [WARN] [1;33mUsing default Redis password - please change it![0m
[2025-06-21 15:32:48] [WARN] [1;33mEnvironment validation completed with 2 warnings[0m
[2025-06-21 15:32:48] [INFO] Checking Docker installation...
[2025-06-21 15:32:48] [INFO] Docker version: 
[2025-06-21 15:32:48] [INFO] [0;32m✓ Docker and Docker Compose are ready[0m
[2025-06-21 15:32:48] [INFO] Checking and generating secrets...
[2025-06-21 15:32:48] [INFO] Generated PostgreSQL password
[2025-06-21 15:32:48] [INFO] Generated MinIO secret key
[2025-06-21 15:32:48] [INFO] Generated N8N encryption key
[2025-06-21 15:32:48] [INFO] Generated Grafana password
[2025-06-21 15:32:48] [INFO] [0;32m✓ Generated 4 new secrets[0m
[2025-06-21 15:32:48] [INFO] Configuring monitoring stack...
[2025-06-21 15:32:48] [INFO] [0;32m✓ Monitoring configured[0m
[2025-06-21 15:32:48] [INFO] [0;34mStarting Docker stack...[0m
[2025-06-21 15:32:48] [INFO] Pulling latest Docker images...
[2025-06-21 21:59:09] [INFO] [0;35mStarting DataLive RAG System setup...[0m
[2025-06-21 21:59:09] [INFO] Configuration file: /Users/angelrivera/Desktop/GIT/DatAlive/.env
[2025-06-21 21:59:09] [INFO] Creating required directories...
[2025-06-21 21:59:10] [INFO] [0;32m✓ Directories created[0m
[2025-06-21 21:59:10] [INFO] Validating environment configuration...
[2025-06-21 21:59:10] [INFO] [0;32m✓ Environment validation passed[0m
[2025-06-21 21:59:10] [INFO] Checking Docker installation...
[2025-06-21 21:59:10] [INFO] Docker version: 
[2025-06-21 21:59:10] [INFO] [0;32m✓ Docker and Docker Compose are ready[0m
[2025-06-21 21:59:10] [INFO] Checking and generating secrets...
[2025-06-21 21:59:10] [INFO] [0;32m✓ All secrets already exist[0m
[2025-06-21 21:59:10] [INFO] Configuring monitoring stack...
[2025-06-21 21:59:10] [INFO] [0;32m✓ Monitoring configured[0m
[2025-06-21 21:59:10] [INFO] [0;34mStarting Docker stack...[0m
[2025-06-21 21:59:10] [INFO] Pulling latest Docker images...
[2025-06-21 22:00:19] [INFO] Starting services...
[2025-06-21 22:00:26] [INFO] Waiting for services to be healthy...
[2025-06-25 13:45:24] [INFO] [0;35mStarting DataLive RAG System setup...[0m
[2025-06-25 13:45:24] [INFO] Configuration file: /Users/angelrivera/Desktop/GIT/DatAlive/.env
[2025-06-25 13:45:24] [INFO] Creating required directories...
[2025-06-25 13:45:24] [INFO] [0;32m✓ Directories created[0m
[2025-06-25 13:45:24] [INFO] Validating environment configuration...
[2025-06-25 13:45:24] [INFO] [0;32m✓ Environment validation passed[0m
[2025-06-25 13:45:24] [INFO] Checking Docker installation...
[2025-06-25 13:45:25] [INFO] Docker version: 
[2025-06-25 13:45:25] [INFO] [0;32m✓ Docker and Docker Compose are ready[0m
[2025-06-25 13:45:25] [INFO] Checking and generating secrets...
[2025-06-25 13:45:25] [INFO] [0;32m✓ All secrets already exist[0m
[2025-06-25 13:45:25] [INFO] Configuring monitoring stack...
[2025-06-25 13:45:25] [INFO] [0;32m✓ Monitoring configured[0m
[2025-06-25 13:45:25] [INFO] [0;34mStarting Docker stack...[0m
[2025-06-25 13:45:25] [INFO] Pulling latest Docker images...
[2025-06-25 13:45:39] [INFO] Starting services...
[2025-06-25 13:45:59] [INFO] [0;35mStarting DataLive RAG System setup...[0m
[2025-06-25 13:45:59] [INFO] Configuration file: /Users/angelrivera/Desktop/GIT/DatAlive/.env
[2025-06-25 13:45:59] [INFO] Creating required directories...
[2025-06-25 13:45:59] [INFO] [0;32m✓ Directories created[0m
[2025-06-25 13:45:59] [INFO] Validating environment configuration...
[2025-06-25 13:45:59] [INFO] [0;32m✓ Environment validation passed[0m
[2025-06-25 13:45:59] [INFO] Checking Docker installation...
[2025-06-25 13:45:59] [INFO] Docker version: 
[2025-06-25 13:45:59] [INFO] [0;32m✓ Docker and Docker Compose are ready[0m
[2025-06-25 13:45:59] [INFO] Checking and generating secrets...
[2025-06-25 13:45:59] [INFO] [0;32m✓ All secrets already exist[0m
[2025-06-25 13:45:59] [INFO] Configuring monitoring stack...
[2025-06-25 13:45:59] [INFO] [0;32m✓ Monitoring configured[0m
[2025-06-25 13:45:59] [INFO] [0;34mStarting Docker stack...[0m
[2025-06-25 13:45:59] [INFO] Pulling latest Docker images...
[2025-06-25 13:46:00] [INFO] Starting services...
[2025-06-25 13:47:15] [INFO] [0;35mStarting DataLive RAG System setup...[0m
[2025-06-25 13:47:15] [INFO] Configuration file: /Users/angelrivera/Desktop/GIT/DatAlive/.env
[2025-06-25 13:47:15] [INFO] Creating required directories...
[2025-06-25 13:47:15] [INFO] [0;32m✓ Directories created[0m
[2025-06-25 13:47:15] [INFO] Validating environment configuration...
[2025-06-25 13:47:15] [INFO] [0;32m✓ Environment validation passed[0m
[2025-06-25 13:47:15] [INFO] Checking Docker installation...
[2025-06-25 13:47:15] [INFO] Docker version: 
[2025-06-25 13:47:15] [INFO] [0;32m✓ Docker and Docker Compose are ready[0m
[2025-06-25 13:47:15] [INFO] Checking and generating secrets...
[2025-06-25 13:47:15] [INFO] [0;32m✓ All secrets already exist[0m
[2025-06-25 13:47:15] [INFO] Configuring monitoring stack...
[2025-06-25 13:47:15] [INFO] [0;32m✓ Monitoring configured[0m
[2025-06-25 13:47:15] [INFO] [0;34mStarting Docker stack...[0m
[2025-06-25 13:47:15] [INFO] Pulling latest Docker images...
[2025-06-25 13:47:17] [INFO] Starting services...
[2025-06-25 13:47:23] [INFO] Waiting for services to be healthy...
[2025-06-25 14:01:07] [INFO] [0;35mStarting DataLive RAG System setup...[0m
[2025-06-25 14:01:07] [INFO] Configuration file: /Users/angelrivera/Desktop/GIT/DatAlive/.env
[2025-06-25 14:01:07] [INFO] Creating required directories...
[2025-06-25 14:01:07] [INFO] [0;32m✓ Directories created[0m
[2025-06-25 14:01:07] [INFO] Validating environment configuration...
[2025-06-25 14:01:07] [INFO] [0;32m✓ Environment validation passed[0m
[2025-06-25 14:01:07] [INFO] Checking Docker installation...
[2025-06-25 14:01:07] [INFO] Docker version: 
[2025-06-25 14:01:07] [INFO] [0;32m✓ Docker and Docker Compose are ready[0m
[2025-06-25 14:01:07] [INFO] Checking and generating secrets...
[2025-06-25 14:01:07] [INFO] [0;32m✓ All secrets already exist[0m
[2025-06-25 14:01:07] [INFO] Configuring monitoring stack...
[2025-06-25 14:01:07] [INFO] [0;32m✓ Monitoring configured[0m
[2025-06-25 14:01:07] [INFO] [0;34mStarting Docker stack...[0m
[2025-06-25 14:01:07] [INFO] Pulling latest Docker images...
[2025-06-25 14:01:20] [INFO] Starting services...
[2025-06-25 14:01:27] [INFO] Waiting for services to be healthy...
[2025-06-25 14:17:33] [INFO] [0;35mStarting DataLive RAG System setup...[0m
[2025-06-25 14:17:33] [INFO] Configuration file: /Users/angelrivera/Desktop/GIT/DatAlive/.env
[2025-06-25 14:17:33] [INFO] Creating required directories...
[2025-06-25 14:17:33] [INFO] [0;32m✓ Directories created[0m
[2025-06-25 14:17:33] [INFO] Validating environment configuration...
[2025-06-25 14:17:33] [INFO] [0;32m✓ Environment validation passed[0m
[2025-06-25 14:17:33] [INFO] Checking Docker installation...
[2025-06-25 14:17:33] [INFO] Docker version: 
[2025-06-25 14:17:33] [INFO] [0;32m✓ Docker and Docker Compose are ready[0m
[2025-06-25 14:17:33] [INFO] Checking and generating secrets...
[2025-06-25 14:17:33] [INFO] [0;32m✓ All secrets already exist[0m
[2025-06-25 14:17:33] [INFO] Configuring monitoring stack...
[2025-06-25 14:17:33] [INFO] [0;32m✓ Monitoring configured[0m
[2025-06-25 14:17:33] [INFO] [0;34mStarting Docker stack...[0m
[2025-06-25 14:17:33] [INFO] Pulling latest Docker images...
[2025-06-25 14:17:34] [INFO] Starting services...
[2025-06-25 14:17:41] [INFO] Waiting for services to be healthy...
